<?xml version="1.0" encoding="UTF-8"?>
<!-- Generated by org.testng.reporters.JUnitXMLReporter -->
<testsuite ignored="4" hostname="ASCINLAP61481" failures="1" tests="2" name="Testngpro" time="86.297" errors="0" timestamp="2025-10-28T13:27:08 IST">
  <testcase classname="com.pepperfry.tests.Loginpepperfry" name="verifylogin" time="76.652"/>
  <testcase classname="com.pepperfry.tests.SearchPepperfry" name="verifySearchAndFilter" time="0.005">
    <failure type="java.lang.NullPointerException" message="Cannot invoke &amp;quot;org.openqa.selenium.WebDriver.get(String)&amp;quot; because &amp;quot;this.driver&amp;quot; is null">
      <![CDATA[java.lang.NullPointerException: Cannot invoke "org.openqa.selenium.WebDriver.get(String)" because "this.driver" is null
at com.pepperfry.base.BaseTest.navigateurl(BaseTest.java:55)
at com.pepperfry.tests.SearchPepperfry.verifySearchAndFilter(SearchPepperfry.java:17)
at java.base/java.util.ArrayList.forEach(ArrayList.java:1596)
... Removed 25 stack frames]]>
    </failure>
  </testcase> <!-- verifySearchAndFilter -->
  <testcase classname="com.pepperfry.base.BaseTest" name="@BeforeSuite setupreport" time="0.0">
    <ignored/>
  </testcase> <!-- @BeforeSuite setupreport -->
  <testcase classname="com.pepperfry.base.BaseTest" name="@AfterSuite flushreport" time="0.0">
    <ignored/>
  </testcase> <!-- @AfterSuite flushreport -->
  <testcase classname="com.pepperfry.base.BaseTest" name="@AfterTest teardown" time="0.0">
    <ignored/>
  </testcase> <!-- @AfterTest teardown -->
  <testcase classname="com.pepperfry.base.BaseTest" name="@BeforeTest setup" time="0.0">
    <ignored/>
  </testcase> <!-- @BeforeTest setup -->
</testsuite> <!-- Testngpro -->
