<?xml version="1.0" encoding="UTF-8"?>
<!-- Generated by org.testng.reporters.JUnitXMLReporter -->
<testsuite ignored="12" hostname="ASCINLAP61481" failures="0" tests="4" name="Pepperfry Automation Tests" time="155.402" errors="0" timestamp="2025-10-30T20:03:14 IST">
  <testcase classname="com.pepperfry.tests.Loginpepperfry" name="verifylogin" time="82.319"/>
  <testcase classname="com.pepperfry.tests.SearchPepperfry" name="verifySearchAndFilter" time="33.305"/>
  <testcase classname="com.pepperfry.tests.WishlistPepperfry" name="verifyAddToWishlistAndCheck" time="6.227"/>
  <testcase classname="com.pepperfry.tests.CartPepperfry" name="verifyAddToCartFunctionality" time="30.851"/>
  <testcase classname="com.pepperfry.base.BaseTest" name="@BeforeSuite setupReport" time="0.0">
    <ignored/>
  </testcase> <!-- @BeforeSuite setupReport -->
  <testcase classname="com.pepperfry.base.BaseTest" name="@AfterTest afterAllTests" time="0.0">
    <ignored/>
  </testcase> <!-- @AfterTest afterAllTests -->
  <testcase classname="com.pepperfry.base.BaseTest" name="@AfterTest afterAllTests" time="0.0">
    <ignored/>
  </testcase> <!-- @AfterTest afterAllTests -->
  <testcase classname="com.pepperfry.base.BaseTest" name="@BeforeSuite setupReport" time="0.0">
    <ignored/>
  </testcase> <!-- @BeforeSuite setupReport -->
  <testcase classname="com.pepperfry.base.BaseTest" name="@BeforeTest setupDriver" time="0.0">
    <ignored/>
  </testcase> <!-- @BeforeTest setupDriver -->
  <testcase classname="com.pepperfry.base.BaseTest" name="@AfterTest afterAllTests" time="0.0">
    <ignored/>
  </testcase> <!-- @AfterTest afterAllTests -->
  <testcase classname="com.pepperfry.base.BaseTest" name="@AfterSuite tearDownSuite" time="0.0">
    <ignored/>
  </testcase> <!-- @AfterSuite tearDownSuite -->
  <testcase classname="com.pepperfry.base.BaseTest" name="@BeforeSuite setupReport" time="0.0">
    <ignored/>
  </testcase> <!-- @BeforeSuite setupReport -->
  <testcase classname="com.pepperfry.base.BaseTest" name="@BeforeTest setupDriver" time="0.0">
    <ignored/>
  </testcase> <!-- @BeforeTest setupDriver -->
  <testcase classname="com.pepperfry.base.BaseTest" name="@AfterSuite tearDownSuite" time="0.0">
    <ignored/>
  </testcase> <!-- @AfterSuite tearDownSuite -->
  <testcase classname="com.pepperfry.base.BaseTest" name="@BeforeTest setupDriver" time="0.0">
    <ignored/>
  </testcase> <!-- @BeforeTest setupDriver -->
  <testcase classname="com.pepperfry.base.BaseTest" name="@AfterSuite tearDownSuite" time="0.0">
    <ignored/>
  </testcase> <!-- @AfterSuite tearDownSuite -->
</testsuite> <!-- Pepperfry Automation Tests -->
